[debug] [2023-08-09T11:05:56.645Z] ----------------------------------------------------------------------
[debug] [2023-08-09T11:05:56.648Z] Command:       C:\Program Files\nodejs\node.exe C:\Users\Békési Péter\AppData\Roaming\npm\node_modules\firebase-tools\lib\bin\firebase.js deploy
[debug] [2023-08-09T11:05:56.648Z] CLI Version:   12.4.7
[debug] [2023-08-09T11:05:56.649Z] Platform:      win32
[debug] [2023-08-09T11:05:56.649Z] Node Version:  v18.16.0
[debug] [2023-08-09T11:05:56.656Z] Time:          Wed Aug 09 2023 13:05:56 GMT+0200 (közép-európai nyári idő)
[debug] [2023-08-09T11:05:56.656Z] ----------------------------------------------------------------------
[debug] 
[debug] [2023-08-09T11:05:56.755Z] > command requires scopes: ["email","openid","https://www.googleapis.com/auth/cloudplatformprojects.readonly","https://www.googleapis.com/auth/firebase","https://www.googleapis.com/auth/cloud-platform"]
[debug] [2023-08-09T11:05:56.756Z] > authorizing via signed-in user (bekesi.patrik@gmail.com)
[debug] [2023-08-09T11:05:56.756Z] [iam] checking project team-02-project-fe323 for permissions ["firebase.projects.get","firebasehosting.sites.update"]
[debug] [2023-08-09T11:05:56.758Z] >>> [apiv2][query] POST https://cloudresourcemanager.googleapis.com/v1/projects/team-02-project-fe323:testIamPermissions [none]
[debug] [2023-08-09T11:05:56.759Z] >>> [apiv2][(partial)header] POST https://cloudresourcemanager.googleapis.com/v1/projects/team-02-project-fe323:testIamPermissions x-goog-quota-user=projects/team-02-project-fe323
[debug] [2023-08-09T11:05:56.759Z] >>> [apiv2][body] POST https://cloudresourcemanager.googleapis.com/v1/projects/team-02-project-fe323:testIamPermissions {"permissions":["firebase.projects.get","firebasehosting.sites.update"]}
[debug] [2023-08-09T11:06:17.894Z] *** [apiv2] error from fetch(https://cloudresourcemanager.googleapis.com/v1/projects/team-02-project-fe323:testIamPermissions, {"headers":{},"method":"POST","body":"{\"permissions\":[\"firebase.projects.get\",\"firebasehosting.sites.update\"]}"}): FetchError: request to https://cloudresourcemanager.googleapis.com/v1/projects/team-02-project-fe323:testIamPermissions failed, reason: connect ETIMEDOUT 142.250.74.202:443
[debug] [2023-08-09T11:06:17.897Z] [iam] error while checking permissions, command may fail: FirebaseError: Failed to make request to https://cloudresourcemanager.googleapis.com/v1/projects/team-02-project-fe323:testIamPermissions
[debug] [2023-08-09T11:06:17.903Z] >>> [apiv2][query] GET https://firebase.googleapis.com/v1beta1/projects/team-02-project-fe323 [none]
[debug] [2023-08-09T11:06:38.986Z] *** [apiv2] error from fetch(https://firebase.googleapis.com/v1beta1/projects/team-02-project-fe323, {"headers":{},"method":"GET","signal":{}}): FetchError: request to https://firebase.googleapis.com/v1beta1/projects/team-02-project-fe323 failed, reason: connect ETIMEDOUT 216.58.206.42:443
[debug] [2023-08-09T11:06:38.987Z] Failed to make request to https://firebase.googleapis.com/v1beta1/projects/team-02-project-fe323 (original: request to https://firebase.googleapis.com/v1beta1/projects/team-02-project-fe323 failed, reason: connect ETIMEDOUT 216.58.206.42:443)
[debug] [2023-08-09T11:06:44.008Z] Error: Timed out.
    at Timeout._onTimeout (C:\Users\Békési Péter\AppData\Roaming\npm\node_modules\firebase-tools\lib\utils.js:254:49)
    at listOnTimeout (node:internal/timers:569:17)
    at process.processTimers (node:internal/timers:512:7)
[error] 
[error] Error: An unexpected error has occurred.
